\BOOKMARK [0][-]{Item.5}{Preface}{}% 1
\BOOKMARK [0][-]{chapter.1}{Case\040and\040Artificial\040Language\040Evolution}{}% 2
\BOOKMARK [1][-]{section.1.1}{Case\040and\040the\040grammar\040square}{chapter.1}% 3
\BOOKMARK [2][-]{subsection.1.1.1}{The\040functions\040of\040case\040systems}{section.1.1}% 4
\BOOKMARK [2][-]{subsection.1.1.2}{Stage\040I:\040no\040marking}{section.1.1}% 5
\BOOKMARK [2][-]{subsection.1.1.3}{Stage\040II:\040specific\040marking}{section.1.1}% 6
\BOOKMARK [2][-]{subsection.1.1.4}{Stage\040III:\040semantic\040rolesbj]semantic\040roles}{section.1.1}% 7
\BOOKMARK [2][-]{subsection.1.1.5}{Stage\040IV:\040syntactic\040rolesbj]syntactic\040roles}{section.1.1}% 8
\BOOKMARK [2][-]{subsection.1.1.6}{Further\040developments}{section.1.1}% 9
\BOOKMARK [1][-]{section.1.2}{Modeling\040language\040evolution}{chapter.1}% 10
\BOOKMARK [2][-]{subsection.1.2.1}{Three\040models\040of\040artificial\040language\040evolution}{section.1.2}% 11
\BOOKMARK [2][-]{subsection.1.2.2}{The\040do's\040and\040don'ts\040of\040artificial\040language\040evolutionsbj]artificial\040language\040evolution}{section.1.2}% 12
\BOOKMARK [1][-]{section.1.3}{A\040brief\040history\040of\040prior\040work}{chapter.1}% 13
\BOOKMARK [2][-]{subsection.1.3.1}{The\040emergence\040of\040adaptive\040lexicons}{section.1.3}% 14
\BOOKMARK [2][-]{subsection.1.3.2}{Towards\040grammar}{section.1.3}% 15
\BOOKMARK [2][-]{subsection.1.3.3}{Other\040research\040avenues}{section.1.3}% 16
\BOOKMARK [0][-]{chapter.2}{Processing\040Case\040and\040Argument\040Structure}{}% 17
\BOOKMARK [1][-]{section.2.1}{Representing\040and\040linking\040meanings}{chapter.2}% 18
\BOOKMARK [2][-]{subsection.2.1.1}{Linking\040events\040and\040their\040participants}{section.2.1}% 19
\BOOKMARK [1][-]{section.2.2}{A\040brief\040introduction\040to\040Fluid\040Construction\040Grammar}{chapter.2}% 20
\BOOKMARK [2][-]{subsection.2.2.1}{Unify\040and\040Merge}{section.2.2}% 21
\BOOKMARK [2][-]{subsection.2.2.2}{Structure\040building.}{section.2.2}% 22
\BOOKMARK [1][-]{section.2.3}{Parsing\040``Jack\040sweep\040dust\040off-floor''}{chapter.2}% 23
\BOOKMARK [2][-]{subsection.2.3.1}{Unifying\040and\040merging\040lexical\040entries}{section.2.3}% 24
\BOOKMARK [2][-]{subsection.2.3.2}{A\040syntactic\040case\040markersbj]case!case\040marking}{section.2.3}% 25
\BOOKMARK [2][-]{subsection.2.3.3}{The\040causesbj]causalityd\040motion\040constructionsbj]construction!caused\040motion\040construction}{section.2.3}% 26
\BOOKMARK [1][-]{section.2.4}{Producing\040``jack\040sweep\040floor''}{chapter.2}% 27
\BOOKMARK [2][-]{subsection.2.4.1}{Unifying\040and\040merging\040lexical\040entrsbj]lexical\040entryies}{section.2.4}% 28
\BOOKMARK [2][-]{subsection.2.4.2}{The\040agent-acts-on-surface\040construction}{section.2.4}% 29
\BOOKMARK [1][-]{section.2.5}{Networks\040and\040conventionalization}{chapter.2}% 30
\BOOKMARK [0][-]{chapter.3}{Baseline\040Experiments}{}% 31
\BOOKMARK [1][-]{section.3.1}{Experimental\040set-up}{chapter.3}% 32
\BOOKMARK [2][-]{subsection.3.1.1}{Key\040abilities\040and\040self-assessment\040criteria}{section.3.1}% 33
\BOOKMARK [2][-]{subsection.3.1.2}{Description\040games}{section.3.1}% 34
\BOOKMARK [2][-]{subsection.3.1.3}{The\040world,\040sensory-motor\040input\040and\040conceptualization}{section.3.1}% 35
\BOOKMARK [3][-]{subsubsection.3.1.3.1}{The\040environment}{subsection.3.1.3}% 36
\BOOKMARK [3][-]{subsubsection.3.1.3.2}{Sensory-motor\040input}{subsection.3.1.3}% 37
\BOOKMARK [3][-]{subsubsection.3.1.3.3}{Conceptualization}{subsection.3.1.3}% 38
\BOOKMARK [2][-]{subsection.3.1.4}{Additional\040assumptionsbj]assumptions\040and\040scaffoldsbj]scaffolds}{section.3.1}% 39
\BOOKMARK [1][-]{section.3.2}{Baseline\040experiment\0401:\040no\040marking}{chapter.3}% 40
\BOOKMARK [2][-]{subsection.3.2.1}{An\040inferential\040coding\040system}{section.3.2}% 41
\BOOKMARK [3][-]{subsubsection.3.2.1.1}{The\040speaker}{subsection.3.2.1}% 42
\BOOKMARK [3][-]{subsubsection.3.2.1.2}{The\040hearer}{subsection.3.2.1}% 43
\BOOKMARK [3][-]{subsubsection.3.2.1.3}{Communicative\040successsbj]communicative\040success}{subsection.3.2.1}% 44
\BOOKMARK [2][-]{subsection.3.2.2}{Results\040and\040discussion}{section.3.2}% 45
\BOOKMARK [3][-]{subsubsection.3.2.2.1}{Results}{subsection.3.2.2}% 46
\BOOKMARK [3][-]{subsubsection.3.2.2.2}{Discussion}{subsection.3.2.2}% 47
\BOOKMARK [1][-]{section.3.3}{Baseline\040experiment\0402:\040specific\040marking}{chapter.3}% 48
\BOOKMARK [2][-]{subsection.3.3.1}{Speaker-based\040innovatsbj]innovationion}{section.3.3}% 49
\BOOKMARK [3][-]{subsubsection.3.3.1.1}{Re-entrancesbj]re-entrance}{subsection.3.3.1}% 50
\BOOKMARK [3][-]{subsubsection.3.3.1.2}{Innovation}{subsection.3.3.1}% 51
\BOOKMARK [3][-]{subsubsection.3.3.1.3}{Learning}{subsection.3.3.1}% 52
\BOOKMARK [3][-]{subsubsection.3.3.1.4}{Consolidationsbj]consolidation}{subsection.3.3.1}% 53
\BOOKMARK [2][-]{subsection.3.3.2}{Results\040and\040discussion}{section.3.3}% 54
\BOOKMARK [3][-]{subsubsection.3.3.2.1}{Results\040of\040set-up\0402a}{subsection.3.3.2}% 55
\BOOKMARK [3][-]{subsubsection.3.3.2.2}{Results\040of\040set-up\0402b}{subsection.3.3.2}% 56
\BOOKMARK [3][-]{subsubsection.3.3.2.3}{Results\040of\040set-up\0402c}{subsection.3.3.2}% 57
\BOOKMARK [3][-]{subsubsection.3.3.2.4}{Discussion}{subsection.3.3.2}% 58
\BOOKMARK [1][-]{section.3.4}{Baseline\040experiment\0403:\040semantic\040rolesbj]semantic\040roles}{chapter.3}% 59
\BOOKMARK [2][-]{subsection.3.4.1}{Generalization\040as\040a\040side-effect}{section.3.4}% 60
\BOOKMARK [3][-]{subsubsection.3.4.1.1}{The\040target\040and\040the\040source}{subsection.3.4.1}% 61
\BOOKMARK [3][-]{subsubsection.3.4.1.2}{Elaborate\040the\040mapping\040between\040the\040two}{subsection.3.4.1}% 62
\BOOKMARK [3][-]{subsubsection.3.4.1.3}{A\040good\040mapping}{subsection.3.4.1}% 63
\BOOKMARK [3][-]{subsubsection.3.4.1.4}{Adapting\040the\040inventory}{subsection.3.4.1}% 64
\BOOKMARK [3][-]{subsubsection.3.4.1.5}{Learning}{subsection.3.4.1}% 65
\BOOKMARK [3][-]{subsubsection.3.4.1.6}{Consolidationsbj]consolidation}{subsection.3.4.1}% 66
\BOOKMARK [2][-]{subsection.3.4.2}{Results\040and\040discussion\040of\040set-up\0403a}{section.3.4}% 67
\BOOKMARK [3][-]{subsubsection.3.4.2.1}{Results}{subsection.3.4.2}% 68
\BOOKMARK [3][-]{subsubsection.3.4.2.2}{Discussion}{subsection.3.4.2}% 69
\BOOKMARK [2][-]{subsection.3.4.3}{Results\040and\040discussion\040of\040set-up\0403b}{section.3.4}% 70
\BOOKMARK [3][-]{subsubsection.3.4.3.1}{Results}{subsection.3.4.3}% 71
\BOOKMARK [3][-]{subsubsection.3.4.3.2}{Discussion}{subsection.3.4.3}% 72
\BOOKMARK [2][-]{subsection.3.4.4}{Results\040and\040discussion\040of\040set-up\0403c}{section.3.4}% 73
\BOOKMARK [3][-]{subsubsection.3.4.4.1}{Results}{subsection.3.4.4}% 74
\BOOKMARK [3][-]{subsubsection.3.4.4.2}{Discussion}{subsection.3.4.4}% 75
\BOOKMARK [2][-]{subsection.3.4.5}{Results\040and\040discussion\040of\040set-up\0403d}{section.3.4}% 76
\BOOKMARK [3][-]{subsubsection.3.4.5.1}{Results}{subsection.3.4.5}% 77
\BOOKMARK [3][-]{subsubsection.3.4.5.2}{Discussion}{subsection.3.4.5}% 78
\BOOKMARK [2][-]{subsection.3.4.6}{Conclusions\040and\040future\040work}{section.3.4}% 79
\BOOKMARK [3][-]{subsubsection.3.4.6.1}{Analogsbj]analogyy\040all\040the\040way}{subsection.3.4.6}% 80
\BOOKMARK [0][-]{chapter.4}{Multi-level\040selectionsbj]multi-level\040selection\040and\040language\040systematicitysbj]systematicity}{}% 81
\BOOKMARK [1][-]{section.4.1}{Pattern\040formation}{chapter.4}% 82
\BOOKMARK [2][-]{subsection.4.1.1}{Pattern\040formationsbj]pattern\040formation\040in\040language}{section.4.1}% 83
\BOOKMARK [3][-]{subsubsection.4.1.1.1}{Reanalysis\040versus\040pattern\040formationsbj]formationsbj]pattern\040formation}{subsection.4.1.1}% 84
\BOOKMARK [3][-]{subsubsection.4.1.1.2}{Idioms}{subsection.4.1.1}% 85
\BOOKMARK [2][-]{subsection.4.1.2}{Operationalizing\040pattern\040formationsbj]formationsbj]pattern\040formation}{section.4.1}% 86
\BOOKMARK [1][-]{section.4.2}{Experiment\0401:\040individual\040selection\040without\040analogsbj]analogyy}{chapter.4}% 87
\BOOKMARK [2][-]{subsection.4.2.1}{Experimental\040set-up}{section.4.2}% 88
\BOOKMARK [2][-]{subsection.4.2.2}{Results\040and\040discussion}{section.4.2}% 89
\BOOKMARK [3][-]{subsubsection.4.2.2.1}{Results}{subsection.4.2.2}% 90
\BOOKMARK [3][-]{subsubsection.4.2.2.2}{Discussion}{subsection.4.2.2}% 91
\BOOKMARK [2][-]{subsection.4.2.3}{The\040problem\040of\040systematicitysbj]systematicity\040in\040other\040work}{section.4.2}% 92
\BOOKMARK [3][-]{subsubsection.4.2.3.1}{Exemplar-basedsbj]exemplar-based\040models\040simulations}{subsection.4.2.3}% 93
\BOOKMARK [3][-]{subsubsection.4.2.3.2}{Probabilistic\040grammars}{subsection.4.2.3}% 94
\BOOKMARK [3][-]{subsubsection.4.2.3.3}{Iterated\040Learning\040Modelsbj]Iterated\040Learning\040Model\040\(ILM\)s}{subsection.4.2.3}% 95
\BOOKMARK [3][-]{subsubsection.4.2.3.4}{Other\040models}{subsection.4.2.3}% 96
\BOOKMARK [1][-]{section.4.3}{Experiment\0402:\040multi-level\040selectionsbj]multi-level\040selection\040without\040analogsbj]analogyy}{chapter.4}% 97
\BOOKMARK [2][-]{subsection.4.3.1}{Experimental\040set-up}{section.4.3}% 98
\BOOKMARK [2][-]{subsection.4.3.2}{Results\040and\040discussion}{section.4.3}% 99
\BOOKMARK [3][-]{subsubsection.4.3.2.1}{Results}{subsection.4.3.2}% 100
\BOOKMARK [3][-]{subsubsection.4.3.2.2}{Discussion}{subsection.4.3.2}% 101
\BOOKMARK [1][-]{section.4.4}{Experiment\0403:\040multi-level\040selectionsbj]multi-level\040selection\040with\040analogsbj]analogyy}{chapter.4}% 102
\BOOKMARK [2][-]{subsection.4.4.1}{Experimental\040set-up}{section.4.4}% 103
\BOOKMARK [2][-]{subsection.4.4.2}{Results\040and\040discussion}{section.4.4}% 104
\BOOKMARK [3][-]{subsubsection.4.4.2.1}{Results}{subsection.4.4.2}% 105
\BOOKMARK [3][-]{subsubsection.4.4.2.2}{Discussion}{subsection.4.4.2}% 106
\BOOKMARK [1][-]{section.4.5}{Towards\040syntactic\040cases}{chapter.4}% 107
\BOOKMARK [2][-]{subsection.4.5.1}{A\040first\040experiment}{section.4.5}% 108
\BOOKMARK [3][-]{subsubsection.4.5.1.1}{Experimental\040set-up}{subsection.4.5.1}% 109
\BOOKMARK [3][-]{subsubsection.4.5.1.2}{Results}{subsection.4.5.1}% 110
\BOOKMARK [3][-]{subsubsection.4.5.1.3}{Discussion\040of\040the\040two-agent\040simulation}{subsection.4.5.1}% 111
\BOOKMARK [3][-]{subsubsection.4.5.1.4}{Discussion\040of\040the\040multi-agent\040simulation}{subsection.4.5.1}% 112
\BOOKMARK [2][-]{subsection.4.5.2}{The\040grammar\040squaresbj]grammatical\040square:\040a\040roadmap\040for\040further\040work}{section.4.5}% 113
\BOOKMARK [3][-]{subsubsection.4.5.2.1}{Mapping\040participant\040roles\040onto\040semantic\040roles}{subsection.4.5.2}% 114
\BOOKMARK [3][-]{subsubsection.4.5.2.2}{Mapping\040semantic\040roles\040onto\040syntactic\040roles}{subsection.4.5.2}% 115
\BOOKMARK [3][-]{subsubsection.4.5.2.3}{Mapping\040syntactic\040roles\040onto\040case\040markersbj]case!case\040markings}{subsection.4.5.2}% 116
\BOOKMARK [0][-]{chapter.5}{Impact\040on\040Artificial\040Language\040Evolutionsbj]artificial\040language\040evolution\040and\040Linguistic\040Theory}{}% 117
\BOOKMARK [1][-]{section.5.1}{Pushing\040the\040state-of-the-art}{chapter.5}% 118
\BOOKMARK [2][-]{subsection.5.1.1}{Experiment\0401:\040a\040primitive\040case\040system?}{section.5.1}% 119
\BOOKMARK [2][-]{subsection.5.1.2}{Experiment\0402:\040dealing\040with\040variationsbj]variation}{section.5.1}% 120
\BOOKMARK [2][-]{subsection.5.1.3}{Experiment\0403:\040implementing\040communicative\040pressures}{section.5.1}% 121
\BOOKMARK [2][-]{subsection.5.1.4}{Experiment\0404:\040more\040innate\040knowledge}{section.5.1}% 122
\BOOKMARK [2][-]{subsection.5.1.5}{Summary:\040case\040markersbj]case!case\040markings\040serve\040communication}{section.5.1}% 123
\BOOKMARK [1][-]{section.5.2}{Argument\040structure\040and\040construction\040grammar}{chapter.5}% 124
\BOOKMARK [2][-]{subsection.5.2.1}{Argument\040structure\040in\040BCGsbj]construction\040grammar!Berkeley\040Construction\040Grammar\040and\040SBCGsbj]construction\040grammar!Sign-Based\040Construction\040Grammar}{section.5.2}% 125
\BOOKMARK [2][-]{subsection.5.2.2}{An\040example:\040the\040ditransitivesbj]ditransitive\040clause\040construction}{section.5.2}% 126
\BOOKMARK [2][-]{subsection.5.2.3}{Discussion\040and\040comparison}{section.5.2}% 127
\BOOKMARK [1][-]{section.5.3}{Analogsbj]analogyy,\040multi-level\040selectionsbj]selectionsbj]multi-level\040selection\040and\040the\040constructicon}{chapter.5}% 128
\BOOKMARK [2][-]{subsection.5.3.1}{The\040organization\040of\040the\040linguistic\040inventory}{section.5.3}% 129
\BOOKMARK [2][-]{subsection.5.3.2}{The\040inventorsbj]linguistic\040inventoryy\040in\040Fluid\040Construction\040Grammarsbj]construction\040grammar!Fluid\040Construction\040Grammar}{section.5.3}% 130
\BOOKMARK [1][-]{section.5.4}{Linguistic\040typologysbj]linguistic\040typology\040and\040grammaticalizationsbj]grammaticalization}{chapter.5}% 131
\BOOKMARK [2][-]{subsection.5.4.1}{The\040status\040of\040semantic\040mapsbj]semantic\040mapss}{section.5.4}% 132
\BOOKMARK [2][-]{subsection.5.4.2}{Thematic\040hierarchies\040in\040case\040systemssbj]case!case\040system}{section.5.4}% 133
\BOOKMARK [2][-]{subsection.5.4.3}{A\040redundant\040approach\040to\040grammaticalizationsbj]grammaticalization}{section.5.4}% 134
\BOOKMARK [0][-]{Item.205}{Postscriptum}{}% 135
\BOOKMARK [0][-]{section*.5}{Acknowledgements}{}% 136
\BOOKMARK [0][-]{section*.6}{Appendix:\040Measures}{}% 137
