This is pdfTeX, Version 3.1415926-2.5-1.40.14 (TeX Live 2013) (format=pdflatex 2013.8.26)  8 APR 2014 23:05
entering extended mode
 \write18 enabled.
 %&-line parsing enabled.
**chapter4.tex
(./chapter4.tex
LaTeX2e <2011/06/27>
Babel <3.9f> and hyphenation patterns for 78 languages loaded.

! LaTeX Error: No counter 'chapter' defined.

See the LaTeX manual or LaTeX Companion for explanation.
Type  H <return>  for immediate help.
 ...                                              
                                                  
l.3 \setcounter{chapter}{3}
                           
? 
! Undefined control sequence.
l.4 \chapter
            {Multi-level selection\index{multi-level selection} and language...

? 
! Emergency stop.
l.4 \chapter
            {Multi-level selection\index{multi-level selection} and language...
End of file on the terminal!

 
Here is how much of TeX's memory you used:
 6 strings out of 493315
 139 string characters out of 6137904
 52158 words of memory out of 5000000
 3558 multiletter control sequences out of 15000+600000
 3640 words of font info for 14 fonts, out of 8000000 for 9000
 957 hyphenation exceptions out of 8191
 5i,0n,4p,123b,14s stack positions out of 5000i,500n,10000p,200000b,80000s
!  ==> Fatal error occurred, no output PDF file produced!
